Using pre-set license
Built from '2021.3/staging' branch; Version is '2021.3.6f1 (7da38d85baf6) revision 8233869'; Using compiler version '192829333'; Build Type 'Release'
OS: 'Windows 10  (10.0.19044) 64bit Core' Language: 'en' Physical Memory: 24317 MB
BatchMode: 1, IsHumanControllingUs: 0, StartBugReporterOnCrash: 0, Is64bit: 1, IsPro: 1

COMMAND LINE ARGUMENTS:
C:\Program Files\Unity\Hub\Editor\2021.3.6f1\Editor\Unity.exe
-adb2
-batchMode
-noUpm
-name
AssetImportWorker2
-projectPath
C:/Users/Lachlan/Documents/Unity Projects/VR-Table-Tennis/VRTableTennis
-logFile
Logs/AssetImportWorker2.log
-srvPort
53808
Successfully changed project path to: C:/Users/Lachlan/Documents/Unity Projects/VR-Table-Tennis/VRTableTennis
C:/Users/Lachlan/Documents/Unity Projects/VR-Table-Tennis/VRTableTennis
[UnityMemory] Configuration Parameters - Can be set up in boot.config
    "memorysetup-bucket-allocator-granularity=16"
    "memorysetup-bucket-allocator-bucket-count=8"
    "memorysetup-bucket-allocator-block-size=33554432"
    "memorysetup-bucket-allocator-block-count=8"
    "memorysetup-main-allocator-block-size=16777216"
    "memorysetup-thread-allocator-block-size=16777216"
    "memorysetup-gfx-main-allocator-block-size=16777216"
    "memorysetup-gfx-thread-allocator-block-size=16777216"
    "memorysetup-cache-allocator-block-size=4194304"
    "memorysetup-typetree-allocator-block-size=2097152"
    "memorysetup-profiler-bucket-allocator-granularity=16"
    "memorysetup-profiler-bucket-allocator-bucket-count=8"
    "memorysetup-profiler-bucket-allocator-block-size=33554432"
    "memorysetup-profiler-bucket-allocator-block-count=8"
    "memorysetup-profiler-allocator-block-size=16777216"
    "memorysetup-profiler-editor-allocator-block-size=1048576"
    "memorysetup-temp-allocator-size-main=16777216"
    "memorysetup-job-temp-allocator-block-size=2097152"
    "memorysetup-job-temp-allocator-block-size-background=1048576"
    "memorysetup-job-temp-allocator-reduction-small-platforms=262144"
    "memorysetup-temp-allocator-size-background-worker=32768"
    "memorysetup-temp-allocator-size-job-worker=262144"
    "memorysetup-temp-allocator-size-preload-manager=33554432"
    "memorysetup-temp-allocator-size-nav-mesh-worker=65536"
    "memorysetup-temp-allocator-size-audio-worker=65536"
    "memorysetup-temp-allocator-size-cloud-worker=32768"
    "memorysetup-temp-allocator-size-gi-baking-worker=262144"
    "memorysetup-temp-allocator-size-gfx=262144"
Refreshing native plugins compatible for Editor in 216.86 ms, found 11 plugins.
Preloading 1 native plugins for Editor in 2.03 ms.
Initialize engine version: 2021.3.6f1 (7da38d85baf6)
[Subsystems] Discovering subsystems at path C:/Program Files/Unity/Hub/Editor/2021.3.6f1/Editor/Data/Resources/UnitySubsystems
[Subsystems] Discovering subsystems at path C:/Users/Lachlan/Documents/Unity Projects/VR-Table-Tennis/VRTableTennis/Assets
GfxDevice: creating device client; threaded=0; jobified=0
Direct3D:
    Version:  Direct3D 11.0 [level 11.1]
    Renderer: NVIDIA GeForce GTX 1080 Ti (ID=0x1b06)
    Vendor:   NVIDIA
    VRAM:     11128 MB
    Driver:   31.0.15.1694
Initialize mono
Mono path[0] = 'C:/Program Files/Unity/Hub/Editor/2021.3.6f1/Editor/Data/Managed'
Mono path[1] = 'C:/Program Files/Unity/Hub/Editor/2021.3.6f1/Editor/Data/MonoBleedingEdge/lib/mono/unityjit-win32'
Mono config path = 'C:/Program Files/Unity/Hub/Editor/2021.3.6f1/Editor/Data/MonoBleedingEdge/etc'
Using monoOptions --debugger-agent=transport=dt_socket,embedding=1,server=y,suspend=n,address=127.0.0.1:56276
Begin MonoManager ReloadAssembly
Registering precompiled unity dll's ...
Register platform support module: C:/Program Files/Unity/Hub/Editor/2021.3.6f1/Editor/Data/PlaybackEngines/AndroidPlayer/UnityEditor.Android.Extensions.dll
Register platform support module: C:/Program Files/Unity/Hub/Editor/2021.3.6f1/Editor/Data/PlaybackEngines/WindowsStandaloneSupport/UnityEditor.WindowsStandalone.Extensions.dll
Registered in 0.009714 seconds.
Native extension for WindowsStandalone target not found
Native extension for Android target not found
Refreshing native plugins compatible for Editor in 124.57 ms, found 11 plugins.
Preloading 1 native plugins for Editor in 0.22 ms.
Mono: successfully reloaded assembly
- Completed reload, in  0.860 seconds
Domain Reload Profiling:
	ReloadAssembly (861ms)
		BeginReloadAssembly (122ms)
			ExecutionOrderSort (0ms)
			DisableScriptedObjects (0ms)
			BackupInstance (0ms)
			ReleaseScriptingObjects (0ms)
			CreateAndSetChildDomain (2ms)
		EndReloadAssembly (582ms)
			LoadAssemblies (119ms)
			RebuildTransferFunctionScriptingTraits (0ms)
			SetupTypeCache (123ms)
			ReleaseScriptCaches (0ms)
			RebuildScriptCaches (31ms)
			SetupLoadedEditorAssemblies (362ms)
				LogAssemblyErrors (0ms)
				InitializePlatformSupportModulesInManaged (67ms)
				SetLoadedEditorAssemblies (0ms)
				RefreshPlugins (125ms)
				BeforeProcessingInitializeOnLoad (2ms)
				ProcessInitializeOnLoadAttributes (115ms)
				ProcessInitializeOnLoadMethodAttributes (53ms)
				AfterProcessingInitializeOnLoad (0ms)
				EditorAssembliesLoaded (0ms)
			ExecutionOrderSort2 (0ms)
			AwakeInstancesAfterBackupRestoration (0ms)
Platform modules already initialized, skipping
Registering precompiled user dll's ...
Registered in 0.012815 seconds.
Begin MonoManager ReloadAssembly
Symbol file LoadedFromMemory doesn't match image C:\Users\Lachlan\Documents\Unity Projects\VR-Table-Tennis\VRTableTennis\Library\PackageCache\com.unity.visualscripting@1.7.8\Editor\VisualScripting.Core\Dependencies\DotNetZip\Unity.VisualScripting.IonicZip.dll
Symbol file LoadedFromMemory doesn't match image C:\Users\Lachlan\Documents\Unity Projects\VR-Table-Tennis\VRTableTennis\Library\PackageCache\com.unity.visualscripting@1.7.8\Editor\VisualScripting.Core\Dependencies\YamlDotNet\Unity.VisualScripting.YamlDotNet.dll
Native extension for WindowsStandalone target not found
Native extension for Android target not found
Refreshing native plugins compatible for Editor in 123.77 ms, found 11 plugins.
Preloading 1 native plugins for Editor in 0.12 ms.
Package Manager log level set to [2]
System.Reflection.TargetInvocationException: Exception has been thrown by the target of an invocation. ---> System.NullReferenceException: Object reference not set to an instance of an object
  at Unity.XR.Oculus.OculusLoader.AssetPathToAbsolutePath (System.String assetPath) [0x0003d] in C:\Users\Lachlan\Documents\Unity Projects\VR-Table-Tennis\VRTableTennis\Library\PackageCache\com.unity.xr.oculus@3.0.2\Runtime\OculusLoader.cs:271 
  at Unity.XR.Oculus.OculusLoader.EditorLoadOVRPlugin () [0x0007b] in C:\Users\Lachlan\Documents\Unity Projects\VR-Table-Tennis\VRTableTennis\Library\PackageCache\com.unity.xr.oculus@3.0.2\Runtime\OculusLoader.cs:256 
  at (wrapper managed-to-native) System.Reflection.RuntimeMethodInfo.InternalInvoke(System.Reflection.RuntimeMethodInfo,object,object[],System.Exception&)
  at System.Reflection.RuntimeMethodInfo.Invoke (System.Object obj, System.Reflection.BindingFlags invokeAttr, System.Reflection.Binder binder, System.Object[] parameters, System.Globalization.CultureInfo culture) [0x0006a] in <e40e5a8f982c4b618a930d29f9bd091c>:0 
   --- End of inner exception stack trace ---
  at System.Reflection.RuntimeMethodInfo.Invoke (System.Object obj, System.Reflection.BindingFlags invokeAttr, System.Reflection.Binder binder, System.Object[] parameters, System.Globalization.CultureInfo culture) [0x00083] in <e40e5a8f982c4b618a930d29f9bd091c>:0 
  at System.Reflection.MethodBase.Invoke (System.Object obj, System.Object[] parameters) [0x00000] in <e40e5a8f982c4b618a930d29f9bd091c>:0 
  at UnityEditor.EditorAssemblies.ProcessInitializeOnLoadMethodAttributes () [0x000a5] in <44a70d1b13cf47e29810e30f45ffae08>:0 
UnityEngine.StackTraceUtility:ExtractStackTrace ()
UnityEngine.DebugLogHandler:LogFormat (UnityEngine.LogType,UnityEngine.Object,string,object[])
UnityEngine.Logger:Log (UnityEngine.LogType,object)
UnityEngine.Debug:LogError (object)
UnityEditor.EditorAssemblies:ProcessInitializeOnLoadMethodAttributes ()

Mono: successfully reloaded assembly
- Completed reload, in  1.588 seconds
Domain Reload Profiling:
	ReloadAssembly (1589ms)
		BeginReloadAssembly (211ms)
			ExecutionOrderSort (0ms)
			DisableScriptedObjects (6ms)
			BackupInstance (0ms)
			ReleaseScriptingObjects (0ms)
			CreateAndSetChildDomain (123ms)
		EndReloadAssembly (1233ms)
			LoadAssemblies (88ms)
			RebuildTransferFunctionScriptingTraits (0ms)
			SetupTypeCache (327ms)
			ReleaseScriptCaches (0ms)
			RebuildScriptCaches (75ms)
			SetupLoadedEditorAssemblies (667ms)
				LogAssemblyErrors (0ms)
				InitializePlatformSupportModulesInManaged (16ms)
				SetLoadedEditorAssemblies (0ms)
				RefreshPlugins (124ms)
				BeforeProcessingInitializeOnLoad (140ms)
				ProcessInitializeOnLoadAttributes (337ms)
				ProcessInitializeOnLoadMethodAttributes (41ms)
				AfterProcessingInitializeOnLoad (10ms)
				EditorAssembliesLoaded (0ms)
			ExecutionOrderSort2 (0ms)
			AwakeInstancesAfterBackupRestoration (6ms)
Platform modules already initialized, skipping
========================================================================
Worker process is ready to serve import requests
Launched and connected shader compiler UnityShaderCompiler.exe after 0.04 seconds
Refreshing native plugins compatible for Editor in 0.83 ms, found 11 plugins.
Preloading 1 native plugins for Editor in 0.11 ms.
Unloading 4262 Unused Serialized files (Serialized files now loaded: 0)
Unloading 49 unused Assets / (112.2 KB). Loaded Objects now: 4708.
Memory consumption went from 150.2 MB to 150.1 MB.
Total: 3.289400 ms (FindLiveObjects: 0.387200 ms CreateObjectMapping: 0.132100 ms MarkObjects: 2.656100 ms  DeleteObjects: 0.112900 ms)

AssetImportParameters requested are different than current active one (requested -> active):
  custom:video-decoder-ogg-theora: a1e56fd34408186e4bbccfd4996cb3dc -> 
  custom:container-muxer-webm: aa71ff27fc2769a1b78a27578f13a17b -> 
  custom:container-demuxer-webm: 4f35f7cbe854078d1ac9338744f61a02 -> 
  custom:video-encoder-webm-vp8: eb34c28f22e8b96e1ab97ce403110664 -> 
  custom:audio-encoder-webm-vorbis: bf7c407c2cedff20999df2af8eb42d56 -> 
  custom:framework-win-MediaFoundation: 216162199b28c13a410421893ffa2e32 -> 
  custom:container-demuxer-ogg: 62fdf1f143b41e24485cea50d1cbac27 -> 
  custom:video-decoder-webm-vp8: 9c59270c3fd7afecdb556c50c9e8de78 -> 
  custom:audio-decoder-ogg-vorbis: bf7c407c2cedff20999df2af8eb42d56 -> 
========================================================================
Received Prepare
Registering precompiled user dll's ...
Registered in 0.012895 seconds.
Begin MonoManager ReloadAssembly
Symbol file LoadedFromMemory doesn't match image C:\Users\Lachlan\Documents\Unity Projects\VR-Table-Tennis\VRTableTennis\Library\PackageCache\com.unity.visualscripting@1.7.8\Editor\VisualScripting.Core\Dependencies\DotNetZip\Unity.VisualScripting.IonicZip.dll
Symbol file LoadedFromMemory doesn't match image C:\Users\Lachlan\Documents\Unity Projects\VR-Table-Tennis\VRTableTennis\Library\PackageCache\com.unity.visualscripting@1.7.8\Editor\VisualScripting.Core\Dependencies\YamlDotNet\Unity.VisualScripting.YamlDotNet.dll
Native extension for WindowsStandalone target not found
Native extension for Android target not found
Refreshing native plugins compatible for Editor in 0.85 ms, found 11 plugins.
Preloading 1 native plugins for Editor in 0.14 ms.
System.Reflection.TargetInvocationException: Exception has been thrown by the target of an invocation. ---> System.NullReferenceException: Object reference not set to an instance of an object
  at Unity.XR.Oculus.OculusLoader.AssetPathToAbsolutePath (System.String assetPath) [0x0003d] in C:\Users\Lachlan\Documents\Unity Projects\VR-Table-Tennis\VRTableTennis\Library\PackageCache\com.unity.xr.oculus@3.0.2\Runtime\OculusLoader.cs:271 
  at Unity.XR.Oculus.OculusLoader.EditorLoadOVRPlugin () [0x0007b] in C:\Users\Lachlan\Documents\Unity Projects\VR-Table-Tennis\VRTableTennis\Library\PackageCache\com.unity.xr.oculus@3.0.2\Runtime\OculusLoader.cs:256 
  at (wrapper managed-to-native) System.Reflection.RuntimeMethodInfo.InternalInvoke(System.Reflection.RuntimeMethodInfo,object,object[],System.Exception&)
  at System.Reflection.RuntimeMethodInfo.Invoke (System.Object obj, System.Reflection.BindingFlags invokeAttr, System.Reflection.Binder binder, System.Object[] parameters, System.Globalization.CultureInfo culture) [0x0006a] in <e40e5a8f982c4b618a930d29f9bd091c>:0 
   --- End of inner exception stack trace ---
  at System.Reflection.RuntimeMethodInfo.Invoke (System.Object obj, System.Reflection.BindingFlags invokeAttr, System.Reflection.Binder binder, System.Object[] parameters, System.Globalization.CultureInfo culture) [0x00083] in <e40e5a8f982c4b618a930d29f9bd091c>:0 
  at System.Reflection.MethodBase.Invoke (System.Object obj, System.Object[] parameters) [0x00000] in <e40e5a8f982c4b618a930d29f9bd091c>:0 
  at UnityEditor.EditorAssemblies.ProcessInitializeOnLoadMethodAttributes () [0x000a5] in <44a70d1b13cf47e29810e30f45ffae08>:0 
UnityEngine.StackTraceUtility:ExtractStackTrace ()
UnityEngine.DebugLogHandler:LogFormat (UnityEngine.LogType,UnityEngine.Object,string,object[])
UnityEngine.Logger:Log (UnityEngine.LogType,object)
UnityEngine.Debug:LogError (object)
UnityEditor.EditorAssemblies:ProcessInitializeOnLoadMethodAttributes ()

Mono: successfully reloaded assembly
- Completed reload, in  1.302 seconds
Domain Reload Profiling:
	ReloadAssembly (1303ms)
		BeginReloadAssembly (153ms)
			ExecutionOrderSort (0ms)
			DisableScriptedObjects (6ms)
			BackupInstance (0ms)
			ReleaseScriptingObjects (0ms)
			CreateAndSetChildDomain (38ms)
		EndReloadAssembly (1034ms)
			LoadAssemblies (104ms)
			RebuildTransferFunctionScriptingTraits (0ms)
			SetupTypeCache (310ms)
			ReleaseScriptCaches (1ms)
			RebuildScriptCaches (48ms)
			SetupLoadedEditorAssemblies (507ms)
				LogAssemblyErrors (0ms)
				InitializePlatformSupportModulesInManaged (29ms)
				SetLoadedEditorAssemblies (1ms)
				RefreshPlugins (1ms)
				BeforeProcessingInitializeOnLoad (106ms)
				ProcessInitializeOnLoadAttributes (313ms)
				ProcessInitializeOnLoadMethodAttributes (45ms)
				AfterProcessingInitializeOnLoad (11ms)
				EditorAssembliesLoaded (0ms)
			ExecutionOrderSort2 (0ms)
			AwakeInstancesAfterBackupRestoration (7ms)
Platform modules already initialized, skipping
Refreshing native plugins compatible for Editor in 5.32 ms, found 11 plugins.
Preloading 1 native plugins for Editor in 0.09 ms.
Unloading 4226 Unused Serialized files (Serialized files now loaded: 0)
Unloading 39 unused Assets / (79.4 KB). Loaded Objects now: 4712.
Memory consumption went from 148.4 MB to 148.4 MB.
Total: 3.122400 ms (FindLiveObjects: 0.341500 ms CreateObjectMapping: 0.115600 ms MarkObjects: 2.566200 ms  DeleteObjects: 0.098000 ms)

AssetImportParameters requested are different than current active one (requested -> active):
  custom:video-decoder-ogg-theora: a1e56fd34408186e4bbccfd4996cb3dc -> 
  custom:container-muxer-webm: aa71ff27fc2769a1b78a27578f13a17b -> 
  custom:container-demuxer-webm: 4f35f7cbe854078d1ac9338744f61a02 -> 
  custom:video-encoder-webm-vp8: eb34c28f22e8b96e1ab97ce403110664 -> 
  custom:audio-encoder-webm-vorbis: bf7c407c2cedff20999df2af8eb42d56 -> 
  custom:framework-win-MediaFoundation: 216162199b28c13a410421893ffa2e32 -> 
  custom:container-demuxer-ogg: 62fdf1f143b41e24485cea50d1cbac27 -> 
  custom:video-decoder-webm-vp8: 9c59270c3fd7afecdb556c50c9e8de78 -> 
  custom:audio-decoder-ogg-vorbis: bf7c407c2cedff20999df2af8eb42d56 -> 
========================================================================
Received Prepare
Registering precompiled user dll's ...
Registered in 0.012193 seconds.
Begin MonoManager ReloadAssembly
Symbol file LoadedFromMemory doesn't match image C:\Users\Lachlan\Documents\Unity Projects\VR-Table-Tennis\VRTableTennis\Library\PackageCache\com.unity.visualscripting@1.7.8\Editor\VisualScripting.Core\Dependencies\DotNetZip\Unity.VisualScripting.IonicZip.dll
Symbol file LoadedFromMemory doesn't match image C:\Users\Lachlan\Documents\Unity Projects\VR-Table-Tennis\VRTableTennis\Library\PackageCache\com.unity.visualscripting@1.7.8\Editor\VisualScripting.Core\Dependencies\YamlDotNet\Unity.VisualScripting.YamlDotNet.dll
Native extension for WindowsStandalone target not found
Native extension for Android target not found
Refreshing native plugins compatible for Editor in 1.02 ms, found 11 plugins.
Preloading 1 native plugins for Editor in 0.14 ms.
System.Reflection.TargetInvocationException: Exception has been thrown by the target of an invocation. ---> System.NullReferenceException: Object reference not set to an instance of an object
  at Unity.XR.Oculus.OculusLoader.AssetPathToAbsolutePath (System.String assetPath) [0x0003d] in C:\Users\Lachlan\Documents\Unity Projects\VR-Table-Tennis\VRTableTennis\Library\PackageCache\com.unity.xr.oculus@3.0.2\Runtime\OculusLoader.cs:271 
  at Unity.XR.Oculus.OculusLoader.EditorLoadOVRPlugin () [0x0007b] in C:\Users\Lachlan\Documents\Unity Projects\VR-Table-Tennis\VRTableTennis\Library\PackageCache\com.unity.xr.oculus@3.0.2\Runtime\OculusLoader.cs:256 
  at (wrapper managed-to-native) System.Reflection.RuntimeMethodInfo.InternalInvoke(System.Reflection.RuntimeMethodInfo,object,object[],System.Exception&)
  at System.Reflection.RuntimeMethodInfo.Invoke (System.Object obj, System.Reflection.BindingFlags invokeAttr, System.Reflection.Binder binder, System.Object[] parameters, System.Globalization.CultureInfo culture) [0x0006a] in <e40e5a8f982c4b618a930d29f9bd091c>:0 
   --- End of inner exception stack trace ---
  at System.Reflection.RuntimeMethodInfo.Invoke (System.Object obj, System.Reflection.BindingFlags invokeAttr, System.Reflection.Binder binder, System.Object[] parameters, System.Globalization.CultureInfo culture) [0x00083] in <e40e5a8f982c4b618a930d29f9bd091c>:0 
  at System.Reflection.MethodBase.Invoke (System.Object obj, System.Object[] parameters) [0x00000] in <e40e5a8f982c4b618a930d29f9bd091c>:0 
  at UnityEditor.EditorAssemblies.ProcessInitializeOnLoadMethodAttributes () [0x000a5] in <44a70d1b13cf47e29810e30f45ffae08>:0 
UnityEngine.StackTraceUtility:ExtractStackTrace ()
UnityEngine.DebugLogHandler:LogFormat (UnityEngine.LogType,UnityEngine.Object,string,object[])
UnityEngine.Logger:Log (UnityEngine.LogType,object)
UnityEngine.Debug:LogError (object)
UnityEditor.EditorAssemblies:ProcessInitializeOnLoadMethodAttributes ()

Mono: successfully reloaded assembly
- Completed reload, in  1.268 seconds
Domain Reload Profiling:
	ReloadAssembly (1269ms)
		BeginReloadAssembly (150ms)
			ExecutionOrderSort (0ms)
			DisableScriptedObjects (5ms)
			BackupInstance (0ms)
			ReleaseScriptingObjects (0ms)
			CreateAndSetChildDomain (38ms)
		EndReloadAssembly (1005ms)
			LoadAssemblies (104ms)
			RebuildTransferFunctionScriptingTraits (0ms)
			SetupTypeCache (300ms)
			ReleaseScriptCaches (1ms)
			RebuildScriptCaches (49ms)
			SetupLoadedEditorAssemblies (494ms)
				LogAssemblyErrors (0ms)
				InitializePlatformSupportModulesInManaged (26ms)
				SetLoadedEditorAssemblies (1ms)
				RefreshPlugins (1ms)
				BeforeProcessingInitializeOnLoad (104ms)
				ProcessInitializeOnLoadAttributes (303ms)
				ProcessInitializeOnLoadMethodAttributes (49ms)
				AfterProcessingInitializeOnLoad (10ms)
				EditorAssembliesLoaded (0ms)
			ExecutionOrderSort2 (0ms)
			AwakeInstancesAfterBackupRestoration (6ms)
Platform modules already initialized, skipping
Refreshing native plugins compatible for Editor in 7.10 ms, found 11 plugins.
Preloading 1 native plugins for Editor in 0.10 ms.
Unloading 4226 Unused Serialized files (Serialized files now loaded: 0)
Unloading 39 unused Assets / (79.4 KB). Loaded Objects now: 4716.
Memory consumption went from 148.5 MB to 148.4 MB.
Total: 3.245300 ms (FindLiveObjects: 0.398700 ms CreateObjectMapping: 0.130500 ms MarkObjects: 2.631400 ms  DeleteObjects: 0.083800 ms)

AssetImportParameters requested are different than current active one (requested -> active):
  custom:video-decoder-ogg-theora: a1e56fd34408186e4bbccfd4996cb3dc -> 
  custom:container-muxer-webm: aa71ff27fc2769a1b78a27578f13a17b -> 
  custom:container-demuxer-webm: 4f35f7cbe854078d1ac9338744f61a02 -> 
  custom:video-encoder-webm-vp8: eb34c28f22e8b96e1ab97ce403110664 -> 
  custom:audio-encoder-webm-vorbis: bf7c407c2cedff20999df2af8eb42d56 -> 
  custom:framework-win-MediaFoundation: 216162199b28c13a410421893ffa2e32 -> 
  custom:container-demuxer-ogg: 62fdf1f143b41e24485cea50d1cbac27 -> 
  custom:video-decoder-webm-vp8: 9c59270c3fd7afecdb556c50c9e8de78 -> 
  custom:audio-decoder-ogg-vorbis: bf7c407c2cedff20999df2af8eb42d56 -> 
========================================================================
Received Prepare
Registering precompiled user dll's ...
Registered in 0.013442 seconds.
Begin MonoManager ReloadAssembly
Symbol file LoadedFromMemory doesn't match image C:\Users\Lachlan\Documents\Unity Projects\VR-Table-Tennis\VRTableTennis\Library\PackageCache\com.unity.visualscripting@1.7.8\Editor\VisualScripting.Core\Dependencies\DotNetZip\Unity.VisualScripting.IonicZip.dll
Symbol file LoadedFromMemory doesn't match image C:\Users\Lachlan\Documents\Unity Projects\VR-Table-Tennis\VRTableTennis\Library\PackageCache\com.unity.visualscripting@1.7.8\Editor\VisualScripting.Core\Dependencies\YamlDotNet\Unity.VisualScripting.YamlDotNet.dll
Native extension for WindowsStandalone target not found
Native extension for Android target not found
Refreshing native plugins compatible for Editor in 0.93 ms, found 11 plugins.
Preloading 1 native plugins for Editor in 0.12 ms.
System.Reflection.TargetInvocationException: Exception has been thrown by the target of an invocation. ---> System.NullReferenceException: Object reference not set to an instance of an object
  at Unity.XR.Oculus.OculusLoader.AssetPathToAbsolutePath (System.String assetPath) [0x0003d] in C:\Users\Lachlan\Documents\Unity Projects\VR-Table-Tennis\VRTableTennis\Library\PackageCache\com.unity.xr.oculus@3.0.2\Runtime\OculusLoader.cs:271 
  at Unity.XR.Oculus.OculusLoader.EditorLoadOVRPlugin () [0x0007b] in C:\Users\Lachlan\Documents\Unity Projects\VR-Table-Tennis\VRTableTennis\Library\PackageCache\com.unity.xr.oculus@3.0.2\Runtime\OculusLoader.cs:256 
  at (wrapper managed-to-native) System.Reflection.RuntimeMethodInfo.InternalInvoke(System.Reflection.RuntimeMethodInfo,object,object[],System.Exception&)
  at System.Reflection.RuntimeMethodInfo.Invoke (System.Object obj, System.Reflection.BindingFlags invokeAttr, System.Reflection.Binder binder, System.Object[] parameters, System.Globalization.CultureInfo culture) [0x0006a] in <e40e5a8f982c4b618a930d29f9bd091c>:0 
   --- End of inner exception stack trace ---
  at System.Reflection.RuntimeMethodInfo.Invoke (System.Object obj, System.Reflection.BindingFlags invokeAttr, System.Reflection.Binder binder, System.Object[] parameters, System.Globalization.CultureInfo culture) [0x00083] in <e40e5a8f982c4b618a930d29f9bd091c>:0 
  at System.Reflection.MethodBase.Invoke (System.Object obj, System.Object[] parameters) [0x00000] in <e40e5a8f982c4b618a930d29f9bd091c>:0 
  at UnityEditor.EditorAssemblies.ProcessInitializeOnLoadMethodAttributes () [0x000a5] in <44a70d1b13cf47e29810e30f45ffae08>:0 
UnityEngine.StackTraceUtility:ExtractStackTrace ()
UnityEngine.DebugLogHandler:LogFormat (UnityEngine.LogType,UnityEngine.Object,string,object[])
UnityEngine.Logger:Log (UnityEngine.LogType,object)
UnityEngine.Debug:LogError (object)
UnityEditor.EditorAssemblies:ProcessInitializeOnLoadMethodAttributes ()

Mono: successfully reloaded assembly
- Completed reload, in  1.271 seconds
Domain Reload Profiling:
	ReloadAssembly (1272ms)
		BeginReloadAssembly (151ms)
			ExecutionOrderSort (0ms)
			DisableScriptedObjects (7ms)
			BackupInstance (0ms)
			ReleaseScriptingObjects (0ms)
			CreateAndSetChildDomain (37ms)
		EndReloadAssembly (1008ms)
			LoadAssemblies (106ms)
			RebuildTransferFunctionScriptingTraits (0ms)
			SetupTypeCache (298ms)
			ReleaseScriptCaches (1ms)
			RebuildScriptCaches (49ms)
			SetupLoadedEditorAssemblies (497ms)
				LogAssemblyErrors (0ms)
				InitializePlatformSupportModulesInManaged (26ms)
				SetLoadedEditorAssemblies (1ms)
				RefreshPlugins (1ms)
				BeforeProcessingInitializeOnLoad (104ms)
				ProcessInitializeOnLoadAttributes (310ms)
				ProcessInitializeOnLoadMethodAttributes (44ms)
				AfterProcessingInitializeOnLoad (11ms)
				EditorAssembliesLoaded (0ms)
			ExecutionOrderSort2 (0ms)
			AwakeInstancesAfterBackupRestoration (7ms)
Platform modules already initialized, skipping
Refreshing native plugins compatible for Editor in 6.96 ms, found 11 plugins.
Preloading 1 native plugins for Editor in 0.10 ms.
Unloading 4226 Unused Serialized files (Serialized files now loaded: 0)
Unloading 39 unused Assets / (79.5 KB). Loaded Objects now: 4720.
Memory consumption went from 148.5 MB to 148.4 MB.
Total: 3.459100 ms (FindLiveObjects: 0.455100 ms CreateObjectMapping: 0.124200 ms MarkObjects: 2.784400 ms  DeleteObjects: 0.094600 ms)

AssetImportParameters requested are different than current active one (requested -> active):
  custom:video-decoder-ogg-theora: a1e56fd34408186e4bbccfd4996cb3dc -> 
  custom:container-muxer-webm: aa71ff27fc2769a1b78a27578f13a17b -> 
  custom:container-demuxer-webm: 4f35f7cbe854078d1ac9338744f61a02 -> 
  custom:video-encoder-webm-vp8: eb34c28f22e8b96e1ab97ce403110664 -> 
  custom:audio-encoder-webm-vorbis: bf7c407c2cedff20999df2af8eb42d56 -> 
  custom:framework-win-MediaFoundation: 216162199b28c13a410421893ffa2e32 -> 
  custom:container-demuxer-ogg: 62fdf1f143b41e24485cea50d1cbac27 -> 
  custom:video-decoder-webm-vp8: 9c59270c3fd7afecdb556c50c9e8de78 -> 
  custom:audio-decoder-ogg-vorbis: bf7c407c2cedff20999df2af8eb42d56 -> 
========================================================================
Received Prepare
Registering precompiled user dll's ...
Registered in 0.013044 seconds.
Begin MonoManager ReloadAssembly
Symbol file LoadedFromMemory doesn't match image C:\Users\Lachlan\Documents\Unity Projects\VR-Table-Tennis\VRTableTennis\Library\PackageCache\com.unity.visualscripting@1.7.8\Editor\VisualScripting.Core\Dependencies\DotNetZip\Unity.VisualScripting.IonicZip.dll
Symbol file LoadedFromMemory doesn't match image C:\Users\Lachlan\Documents\Unity Projects\VR-Table-Tennis\VRTableTennis\Library\PackageCache\com.unity.visualscripting@1.7.8\Editor\VisualScripting.Core\Dependencies\YamlDotNet\Unity.VisualScripting.YamlDotNet.dll
Native extension for WindowsStandalone target not found
Native extension for Android target not found
Refreshing native plugins compatible for Editor in 0.89 ms, found 11 plugins.
Preloading 1 native plugins for Editor in 0.12 ms.
System.Reflection.TargetInvocationException: Exception has been thrown by the target of an invocation. ---> System.NullReferenceException: Object reference not set to an instance of an object
  at Unity.XR.Oculus.OculusLoader.AssetPathToAbsolutePath (System.String assetPath) [0x0003d] in C:\Users\Lachlan\Documents\Unity Projects\VR-Table-Tennis\VRTableTennis\Library\PackageCache\com.unity.xr.oculus@3.0.2\Runtime\OculusLoader.cs:271 
  at Unity.XR.Oculus.OculusLoader.EditorLoadOVRPlugin () [0x0007b] in C:\Users\Lachlan\Documents\Unity Projects\VR-Table-Tennis\VRTableTennis\Library\PackageCache\com.unity.xr.oculus@3.0.2\Runtime\OculusLoader.cs:256 
  at (wrapper managed-to-native) System.Reflection.RuntimeMethodInfo.InternalInvoke(System.Reflection.RuntimeMethodInfo,object,object[],System.Exception&)
  at System.Reflection.RuntimeMethodInfo.Invoke (System.Object obj, System.Reflection.BindingFlags invokeAttr, System.Reflection.Binder binder, System.Object[] parameters, System.Globalization.CultureInfo culture) [0x0006a] in <e40e5a8f982c4b618a930d29f9bd091c>:0 
   --- End of inner exception stack trace ---
  at System.Reflection.RuntimeMethodInfo.Invoke (System.Object obj, System.Reflection.BindingFlags invokeAttr, System.Reflection.Binder binder, System.Object[] parameters, System.Globalization.CultureInfo culture) [0x00083] in <e40e5a8f982c4b618a930d29f9bd091c>:0 
  at System.Reflection.MethodBase.Invoke (System.Object obj, System.Object[] parameters) [0x00000] in <e40e5a8f982c4b618a930d29f9bd091c>:0 
  at UnityEditor.EditorAssemblies.ProcessInitializeOnLoadMethodAttributes () [0x000a5] in <44a70d1b13cf47e29810e30f45ffae08>:0 
UnityEngine.StackTraceUtility:ExtractStackTrace ()
UnityEngine.DebugLogHandler:LogFormat (UnityEngine.LogType,UnityEngine.Object,string,object[])
UnityEngine.Logger:Log (UnityEngine.LogType,object)
UnityEngine.Debug:LogError (object)
UnityEditor.EditorAssemblies:ProcessInitializeOnLoadMethodAttributes ()

Mono: successfully reloaded assembly
- Completed reload, in  1.264 seconds
Domain Reload Profiling:
	ReloadAssembly (1265ms)
		BeginReloadAssembly (134ms)
			ExecutionOrderSort (0ms)
			DisableScriptedObjects (5ms)
			BackupInstance (0ms)
			ReleaseScriptingObjects (0ms)
			CreateAndSetChildDomain (35ms)
		EndReloadAssembly (1011ms)
			LoadAssemblies (97ms)
			RebuildTransferFunctionScriptingTraits (0ms)
			SetupTypeCache (309ms)
			ReleaseScriptCaches (1ms)
			RebuildScriptCaches (50ms)
			SetupLoadedEditorAssemblies (485ms)
				LogAssemblyErrors (0ms)
				InitializePlatformSupportModulesInManaged (27ms)
				SetLoadedEditorAssemblies (1ms)
				RefreshPlugins (1ms)
				BeforeProcessingInitializeOnLoad (102ms)
				ProcessInitializeOnLoadAttributes (302ms)
				ProcessInitializeOnLoadMethodAttributes (43ms)
				AfterProcessingInitializeOnLoad (10ms)
				EditorAssembliesLoaded (0ms)
			ExecutionOrderSort2 (0ms)
			AwakeInstancesAfterBackupRestoration (6ms)
Platform modules already initialized, skipping
Refreshing native plugins compatible for Editor in 5.33 ms, found 11 plugins.
Preloading 1 native plugins for Editor in 0.08 ms.
Unloading 4226 Unused Serialized files (Serialized files now loaded: 0)
Unloading 39 unused Assets / (79.4 KB). Loaded Objects now: 4724.
Memory consumption went from 148.5 MB to 148.4 MB.
Total: 3.076800 ms (FindLiveObjects: 0.350200 ms CreateObjectMapping: 0.122500 ms MarkObjects: 2.518800 ms  DeleteObjects: 0.084400 ms)

AssetImportParameters requested are different than current active one (requested -> active):
  custom:video-decoder-ogg-theora: a1e56fd34408186e4bbccfd4996cb3dc -> 
  custom:container-muxer-webm: aa71ff27fc2769a1b78a27578f13a17b -> 
  custom:container-demuxer-webm: 4f35f7cbe854078d1ac9338744f61a02 -> 
  custom:video-encoder-webm-vp8: eb34c28f22e8b96e1ab97ce403110664 -> 
  custom:audio-encoder-webm-vorbis: bf7c407c2cedff20999df2af8eb42d56 -> 
  custom:framework-win-MediaFoundation: 216162199b28c13a410421893ffa2e32 -> 
  custom:container-demuxer-ogg: 62fdf1f143b41e24485cea50d1cbac27 -> 
  custom:video-decoder-webm-vp8: 9c59270c3fd7afecdb556c50c9e8de78 -> 
  custom:audio-decoder-ogg-vorbis: bf7c407c2cedff20999df2af8eb42d56 -> 
========================================================================
Received Import Request.
  Time since last request: 258293.848647 seconds.
  path: Assets/Room/textures
  artifactKey: Guid(d99d18c76a6e671448483d286a0d9b62) Importer(815301076,1909f56bfc062723c751e8b465ee728b)
Start importing Assets/Room/textures using Guid(d99d18c76a6e671448483d286a0d9b62) Importer(815301076,1909f56bfc062723c751e8b465ee728b)  -> (artifact id: '7ac7da2565a1679e635c5512a99dac8e') in 0.011383 seconds 
========================================================================
Received Import Request.
  Time since last request: 0.027947 seconds.
  path: Assets/Room/textures/1c059d7e31a1e7b88af09f859e423712.jpg
  artifactKey: Guid(f7c63dbab284fc4478a3c9b95f79e8b6) Importer(815301076,1909f56bfc062723c751e8b465ee728b)
Start importing Assets/Room/textures/1c059d7e31a1e7b88af09f859e423712.jpg using Guid(f7c63dbab284fc4478a3c9b95f79e8b6) Importer(815301076,1909f56bfc062723c751e8b465ee728b)  -> (artifact id: '94a0043825c9d583863fbd7de36544da') in 0.122613 seconds 
========================================================================
Received Import Request.
  Time since last request: 0.000022 seconds.
  path: Assets/Room/textures/94951fa5c2b4595e793750dcb1079145.png
  artifactKey: Guid(2b51b28c9c5500e4095617492e85eafc) Importer(815301076,1909f56bfc062723c751e8b465ee728b)
Start importing Assets/Room/textures/94951fa5c2b4595e793750dcb1079145.png using Guid(2b51b28c9c5500e4095617492e85eafc) Importer(815301076,1909f56bfc062723c751e8b465ee728b)  -> (artifact id: '424e018bf74a662e38e4d05b09daa07f') in 0.017903 seconds 
========================================================================
Received Import Request.
  Time since last request: 0.000030 seconds.
  path: Assets/Room/textures/5c91bb4e94bec27f8225be6602cfd37d.jpeg
  artifactKey: Guid(b1d2c5111669eae4ea83bca430aee57b) Importer(815301076,1909f56bfc062723c751e8b465ee728b)
Start importing Assets/Room/textures/5c91bb4e94bec27f8225be6602cfd37d.jpeg using Guid(b1d2c5111669eae4ea83bca430aee57b) Importer(815301076,1909f56bfc062723c751e8b465ee728b)  -> (artifact id: 'd29ce0b8226a0fd98de7046dcd1716cb') in 0.017053 seconds 
========================================================================
Received Import Request.
  Time since last request: 0.000038 seconds.
  path: Assets/Room/textures/95021de001b8b84e597ae1e2f80e4b21.JPG
  artifactKey: Guid(97af6b80e9bbb204c840cb9606587628) Importer(815301076,1909f56bfc062723c751e8b465ee728b)
Start importing Assets/Room/textures/95021de001b8b84e597ae1e2f80e4b21.JPG using Guid(97af6b80e9bbb204c840cb9606587628) Importer(815301076,1909f56bfc062723c751e8b465ee728b)  -> (artifact id: '99283f8d41178d178d4075fd95d99f70') in 0.016708 seconds 
========================================================================
Received Import Request.
  Time since last request: 0.000036 seconds.
  path: Assets/Room/textures/ce9602dbf936c77b79fcb35be9eac90d.JPG
  artifactKey: Guid(31641a860fa4cce41ad146f0a3d3cdea) Importer(815301076,1909f56bfc062723c751e8b465ee728b)
Start importing Assets/Room/textures/ce9602dbf936c77b79fcb35be9eac90d.JPG using Guid(31641a860fa4cce41ad146f0a3d3cdea) Importer(815301076,1909f56bfc062723c751e8b465ee728b)  -> (artifact id: '5d919337e5657dba886b5f9ca9f67ec8') in 0.016689 seconds 
========================================================================
Received Import Request.
  Time since last request: 0.000025 seconds.
  path: Assets/Room/textures/638adc03e98342eee08c751bc3b45d5f.JPG
  artifactKey: Guid(211b1314f951f664f89badca79cfed39) Importer(815301076,1909f56bfc062723c751e8b465ee728b)
Start importing Assets/Room/textures/638adc03e98342eee08c751bc3b45d5f.JPG using Guid(211b1314f951f664f89badca79cfed39) Importer(815301076,1909f56bfc062723c751e8b465ee728b)  -> (artifact id: '3312f880c5bc59d2d859446ccc96f44d') in 0.016915 seconds 
========================================================================
Received Import Request.
  Time since last request: 0.000024 seconds.
  path: Assets/Room/textures/7ed18f3a5a63f199110c25ab2b666f32.JPG
  artifactKey: Guid(96c1b5b7908354041aa025cc3da8b259) Importer(815301076,1909f56bfc062723c751e8b465ee728b)
Start importing Assets/Room/textures/7ed18f3a5a63f199110c25ab2b666f32.JPG using Guid(96c1b5b7908354041aa025cc3da8b259) Importer(815301076,1909f56bfc062723c751e8b465ee728b)  -> (artifact id: '6df354db29571551e1cab287d73190dc') in 0.020349 seconds 
========================================================================
Received Import Request.
  Time since last request: 0.000032 seconds.
  path: Assets/Room/textures/ac4d46c11dc315535a38f673754a8e5f.jpg
  artifactKey: Guid(d5b57d781c845c7498c3291356e7a534) Importer(815301076,1909f56bfc062723c751e8b465ee728b)
Start importing Assets/Room/textures/ac4d46c11dc315535a38f673754a8e5f.jpg using Guid(d5b57d781c845c7498c3291356e7a534) Importer(815301076,1909f56bfc062723c751e8b465ee728b)  -> (artifact id: '1ea2252cf2277512b3cc7a7aed754ad4') in 0.018872 seconds 
========================================================================
Received Import Request.
  Time since last request: 0.000026 seconds.
  path: Assets/Room/textures/577872d0ba3276c76293e54ec7475c7d.JPG
  artifactKey: Guid(ad5d8eb9c9528aa4392c6bb33475117a) Importer(815301076,1909f56bfc062723c751e8b465ee728b)
Start importing Assets/Room/textures/577872d0ba3276c76293e54ec7475c7d.JPG using Guid(ad5d8eb9c9528aa4392c6bb33475117a) Importer(815301076,1909f56bfc062723c751e8b465ee728b)  -> (artifact id: 'cf7aee2967f0fa52e8f5d4474954c049') in 0.019677 seconds 
========================================================================
Received Import Request.
  Time since last request: 0.000023 seconds.
  path: Assets/Room/textures/88bc70fa3269b2a3744c595071fa69ef.jpeg
  artifactKey: Guid(ecd9eb743b2513140be2114bc8344f4d) Importer(815301076,1909f56bfc062723c751e8b465ee728b)
Start importing Assets/Room/textures/88bc70fa3269b2a3744c595071fa69ef.jpeg using Guid(ecd9eb743b2513140be2114bc8344f4d) Importer(815301076,1909f56bfc062723c751e8b465ee728b)  -> (artifact id: '5a9d2e5a341b3801c8950ba188d1ec32') in 0.014114 seconds 
========================================================================
Received Import Request.
  Time since last request: 0.000025 seconds.
  path: Assets/Room/textures/3b1501a557e619980d36bf46c6dfa688.jpeg
  artifactKey: Guid(b61364734ed708843b0c2329f492091f) Importer(815301076,1909f56bfc062723c751e8b465ee728b)
Start importing Assets/Room/textures/3b1501a557e619980d36bf46c6dfa688.jpeg using Guid(b61364734ed708843b0c2329f492091f) Importer(815301076,1909f56bfc062723c751e8b465ee728b)  -> (artifact id: '055a38d8c91abb6734d9654b366207c3') in 0.017132 seconds 
========================================================================
Received Import Request.
  Time since last request: 0.000025 seconds.
  path: Assets/Room/textures/004d0aa531c68da9436da6465f352b3a.jpg
  artifactKey: Guid(5b6ed2068ba7c9040be22c021311b8bd) Importer(815301076,1909f56bfc062723c751e8b465ee728b)
Start importing Assets/Room/textures/004d0aa531c68da9436da6465f352b3a.jpg using Guid(5b6ed2068ba7c9040be22c021311b8bd) Importer(815301076,1909f56bfc062723c751e8b465ee728b)  -> (artifact id: 'd7688f061bad9f89076ce138e8d8cf24') in 0.017105 seconds 
========================================================================
Received Import Request.
  Time since last request: 0.000030 seconds.
  path: Assets/Room/textures/e30fb3e1d46f6311c193f8ba4d398bd5.jpeg
  artifactKey: Guid(9f6ad477149b22c44a09703e54bc83cf) Importer(815301076,1909f56bfc062723c751e8b465ee728b)
Start importing Assets/Room/textures/e30fb3e1d46f6311c193f8ba4d398bd5.jpeg using Guid(9f6ad477149b22c44a09703e54bc83cf) Importer(815301076,1909f56bfc062723c751e8b465ee728b)  -> (artifact id: '87c6363dfcd406160e77e0e2fc07d3c3') in 0.014913 seconds 
========================================================================
Received Import Request.
  Time since last request: 0.000021 seconds.
  path: Assets/Room/textures/GunScratches003_OVERLAY_VAR2_4K.jpg
  artifactKey: Guid(d024766eeff2a7548b4e53160d7d22df) Importer(815301076,1909f56bfc062723c751e8b465ee728b)
Start importing Assets/Room/textures/GunScratches003_OVERLAY_VAR2_4K.jpg using Guid(d024766eeff2a7548b4e53160d7d22df) Importer(815301076,1909f56bfc062723c751e8b465ee728b)  -> (artifact id: '6884040c04374a965f5785b448f3817d') in 0.018023 seconds 
========================================================================
Received Import Request.
  Time since last request: 0.000023 seconds.
  path: Assets/Room/textures/ce2c39fea577a9b1d2c8a03a9f29a14f.JPG
  artifactKey: Guid(b2313b01a1e94144aa7d407c3174722e) Importer(815301076,1909f56bfc062723c751e8b465ee728b)
Start importing Assets/Room/textures/ce2c39fea577a9b1d2c8a03a9f29a14f.JPG using Guid(b2313b01a1e94144aa7d407c3174722e) Importer(815301076,1909f56bfc062723c751e8b465ee728b)  -> (artifact id: '4cca3240b69a172468f89bc0a8c8d07e') in 0.015380 seconds 
========================================================================
Received Import Request.
  Time since last request: 0.000021 seconds.
  path: Assets/Room/textures/fba7fff2afa57cdad18d80a87f109d2f.JPG
  artifactKey: Guid(28527673c8bfd7f408668dfae26376d9) Importer(815301076,1909f56bfc062723c751e8b465ee728b)
Start importing Assets/Room/textures/fba7fff2afa57cdad18d80a87f109d2f.JPG using Guid(28527673c8bfd7f408668dfae26376d9) Importer(815301076,1909f56bfc062723c751e8b465ee728b)  -> (artifact id: 'ec721f4a0acb68574393797423e533f0') in 0.014837 seconds 
========================================================================
Received Import Request.
  Time since last request: 0.000018 seconds.
  path: Assets/Room/textures/df8a6c6d5d72438143f6012e20d5c550.jpg
  artifactKey: Guid(449bb41679d494e4db2f59d60b2bcb04) Importer(815301076,1909f56bfc062723c751e8b465ee728b)
Start importing Assets/Room/textures/df8a6c6d5d72438143f6012e20d5c550.jpg using Guid(449bb41679d494e4db2f59d60b2bcb04) Importer(815301076,1909f56bfc062723c751e8b465ee728b)  -> (artifact id: '593db9004a1ba417c45885493e561812') in 0.013080 seconds 
========================================================================
Received Import Request.
  Time since last request: 0.000020 seconds.
  path: Assets/Room/textures/8b1fa680ad02f2475521cecc271419a1.png
  artifactKey: Guid(e6725e514bb180b4dbf34227ac744b09) Importer(815301076,1909f56bfc062723c751e8b465ee728b)
Start importing Assets/Room/textures/8b1fa680ad02f2475521cecc271419a1.png using Guid(e6725e514bb180b4dbf34227ac744b09) Importer(815301076,1909f56bfc062723c751e8b465ee728b)  -> (artifact id: 'f30853de7b269a8d2d35d9bac1541556') in 0.014020 seconds 
========================================================================
Received Import Request.
  Time since last request: 0.000020 seconds.
  path: Assets/Room/textures/8476f9ff6d703be8ea409bfd9ff38743.JPG
  artifactKey: Guid(043bb4e8521eb2e45b214ab1283f329f) Importer(815301076,1909f56bfc062723c751e8b465ee728b)
Start importing Assets/Room/textures/8476f9ff6d703be8ea409bfd9ff38743.JPG using Guid(043bb4e8521eb2e45b214ab1283f329f) Importer(815301076,1909f56bfc062723c751e8b465ee728b)  -> (artifact id: '6bd359010259ecfd7bb0e6c7f07814b6') in 0.012416 seconds 
========================================================================
Received Import Request.
  Time since last request: 0.000022 seconds.
  path: Assets/Room/textures/PhotoFrame_01B.jpg
  artifactKey: Guid(dbbc8fc1d343f8045ae013d566385f67) Importer(815301076,1909f56bfc062723c751e8b465ee728b)
Start importing Assets/Room/textures/PhotoFrame_01B.jpg using Guid(dbbc8fc1d343f8045ae013d566385f67) Importer(815301076,1909f56bfc062723c751e8b465ee728b)  -> (artifact id: 'f9088efbf73cd184406dc0296c61f8b2') in 0.021382 seconds 
========================================================================
Received Import Request.
  Time since last request: 0.000024 seconds.
  path: Assets/Room/textures/d7d1303464ee144af0e21b1fc4973ab9.JPG
  artifactKey: Guid(c11c2529d62962040bb93499e8a9f488) Importer(815301076,1909f56bfc062723c751e8b465ee728b)
Start importing Assets/Room/textures/d7d1303464ee144af0e21b1fc4973ab9.JPG using Guid(c11c2529d62962040bb93499e8a9f488) Importer(815301076,1909f56bfc062723c751e8b465ee728b)  -> (artifact id: 'f611b62549159cbac45092b6fe49a6a6') in 0.012894 seconds 
========================================================================
Received Import Request.
  Time since last request: 0.000023 seconds.
  path: Assets/Room/textures/7_canvas fabric texture-seamless.jpg
  artifactKey: Guid(16d4c8419c60d494898e99b755dff84b) Importer(815301076,1909f56bfc062723c751e8b465ee728b)
Start importing Assets/Room/textures/7_canvas fabric texture-seamless.jpg using Guid(16d4c8419c60d494898e99b755dff84b) Importer(815301076,1909f56bfc062723c751e8b465ee728b)  -> (artifact id: '168b6156fa1e5d04ca2651f6f41ea324') in 0.014742 seconds 
========================================================================
Received Import Request.
  Time since last request: 0.000024 seconds.
  path: Assets/Room/textures/SalBookShelf_Texture_NRM.png
  artifactKey: Guid(a147b95a9c33a544a9a1424ea01eea90) Importer(815301076,1909f56bfc062723c751e8b465ee728b)
Start importing Assets/Room/textures/SalBookShelf_Texture_NRM.png using Guid(a147b95a9c33a544a9a1424ea01eea90) Importer(815301076,1909f56bfc062723c751e8b465ee728b)  -> (artifact id: '724e6a71bd8700a2c6cd481405586151') in 0.012765 seconds 
========================================================================
Received Import Request.
  Time since last request: 0.000019 seconds.
  path: Assets/Room/textures/fc5b81c724c62086363d68df2ca5e53d.png
  artifactKey: Guid(a91cfe5b080124e47a419b25388ccbe5) Importer(815301076,1909f56bfc062723c751e8b465ee728b)
Start importing Assets/Room/textures/fc5b81c724c62086363d68df2ca5e53d.png using Guid(a91cfe5b080124e47a419b25388ccbe5) Importer(815301076,1909f56bfc062723c751e8b465ee728b)  -> (artifact id: '6baa6eaf63e9de0673e7f5972b10ab1e') in 0.015345 seconds 
========================================================================
Received Import Request.
  Time since last request: 0.000023 seconds.
  path: Assets/Room/textures/395c8699dbfcfc1a04d2d021e7b573cc.jpg
  artifactKey: Guid(a0a362be8b461344dbab8ea8eb35af25) Importer(815301076,1909f56bfc062723c751e8b465ee728b)
Start importing Assets/Room/textures/395c8699dbfcfc1a04d2d021e7b573cc.jpg using Guid(a0a362be8b461344dbab8ea8eb35af25) Importer(815301076,1909f56bfc062723c751e8b465ee728b)  -> (artifact id: '6726254cb4f8e4f9dd0e1b648afed354') in 0.015126 seconds 
========================================================================
Received Import Request.
  Time since last request: 0.000019 seconds.
  path: Assets/Room/textures/7f673bc1ffa84cefb9dadf5a825ac553.jpeg
  artifactKey: Guid(d34cfcde688e31242923a3eabdf7c414) Importer(815301076,1909f56bfc062723c751e8b465ee728b)
Start importing Assets/Room/textures/7f673bc1ffa84cefb9dadf5a825ac553.jpeg using Guid(d34cfcde688e31242923a3eabdf7c414) Importer(815301076,1909f56bfc062723c751e8b465ee728b)  -> (artifact id: '4f07711eaf5a6a2a6dfa95ca5608eee0') in 0.013294 seconds 
========================================================================
Received Import Request.
  Time since last request: 0.000020 seconds.
  path: Assets/Room/textures/457a30bc390afff5452f4b1a2a91f23f.jpg
  artifactKey: Guid(46cf1401c05a9c64e9c439237e83a076) Importer(815301076,1909f56bfc062723c751e8b465ee728b)
Start importing Assets/Room/textures/457a30bc390afff5452f4b1a2a91f23f.jpg using Guid(46cf1401c05a9c64e9c439237e83a076) Importer(815301076,1909f56bfc062723c751e8b465ee728b)  -> (artifact id: '2a5087381e564d9a0bd5148ece4ca484') in 0.014187 seconds 
========================================================================
Received Import Request.
  Time since last request: 0.000032 seconds.
  path: Assets/Room/textures/abacfe0d16c1ad6f596ed640dbc5440c.jpeg
  artifactKey: Guid(d9774d0706d9967468612991eb5aa04d) Importer(815301076,1909f56bfc062723c751e8b465ee728b)
Start importing Assets/Room/textures/abacfe0d16c1ad6f596ed640dbc5440c.jpeg using Guid(d9774d0706d9967468612991eb5aa04d) Importer(815301076,1909f56bfc062723c751e8b465ee728b)  -> (artifact id: '47d8b025c16dc2f701414ee2a9b505ee') in 0.013773 seconds 
========================================================================
Received Import Request.
  Time since last request: 0.000025 seconds.
  path: Assets/Room/textures/SalBookShelf_Texture_COLOR.png
  artifactKey: Guid(5ce8d5b650016ab4d844ec226f9b6115) Importer(815301076,1909f56bfc062723c751e8b465ee728b)
Start importing Assets/Room/textures/SalBookShelf_Texture_COLOR.png using Guid(5ce8d5b650016ab4d844ec226f9b6115) Importer(815301076,1909f56bfc062723c751e8b465ee728b)  -> (artifact id: '44124d0c95328819524fbfe8563d901e') in 0.016577 seconds 
========================================================================
Received Import Request.
  Time since last request: 0.000022 seconds.
  path: Assets/Room/textures/8ff1800ee5d01f9197f94a29a972a783.jpg
  artifactKey: Guid(ca4e66eb3d3e09542ab06d803ae64429) Importer(815301076,1909f56bfc062723c751e8b465ee728b)
Start importing Assets/Room/textures/8ff1800ee5d01f9197f94a29a972a783.jpg using Guid(ca4e66eb3d3e09542ab06d803ae64429) Importer(815301076,1909f56bfc062723c751e8b465ee728b)  -> (artifact id: '0554f89c2bd6b6239566b22295ddc28e') in 0.019535 seconds 
========================================================================
Received Import Request.
  Time since last request: 0.000023 seconds.
  path: Assets/Room/textures/255f07f261266dd236b66e887b8af799.jpg
  artifactKey: Guid(b3493694bf546b0428545f6b5a067918) Importer(815301076,1909f56bfc062723c751e8b465ee728b)
Start importing Assets/Room/textures/255f07f261266dd236b66e887b8af799.jpg using Guid(b3493694bf546b0428545f6b5a067918) Importer(815301076,1909f56bfc062723c751e8b465ee728b)  -> (artifact id: '6cda7a548147aa58ff0e727c44cca5ad') in 0.015400 seconds 
========================================================================
Received Import Request.
  Time since last request: 0.000023 seconds.
  path: Assets/Room/textures/FloorSmudgesMedium001_OVERLAY_VAR1_3K.jpg
  artifactKey: Guid(8c3ec3fe148d37e43879c67f5a1af5c0) Importer(815301076,1909f56bfc062723c751e8b465ee728b)
Start importing Assets/Room/textures/FloorSmudgesMedium001_OVERLAY_VAR1_3K.jpg using Guid(8c3ec3fe148d37e43879c67f5a1af5c0) Importer(815301076,1909f56bfc062723c751e8b465ee728b)  -> (artifact id: '6e00305de98fb26622f14e07e0824620') in 0.015525 seconds 
========================================================================
Received Import Request.
  Time since last request: 0.000026 seconds.
  path: Assets/Room/textures/647b0ab552f1123ff07a6cd6450159f1.png
  artifactKey: Guid(e8412b10fb5477f4094d3c89597880fc) Importer(815301076,1909f56bfc062723c751e8b465ee728b)
Start importing Assets/Room/textures/647b0ab552f1123ff07a6cd6450159f1.png using Guid(e8412b10fb5477f4094d3c89597880fc) Importer(815301076,1909f56bfc062723c751e8b465ee728b)  -> (artifact id: '2ce9d5c0118e3a043b7e124075a9a3a0') in 0.015929 seconds 
========================================================================
Received Import Request.
  Time since last request: 0.000031 seconds.
  path: Assets/Room/textures/104a62bb6efa577efe41a1a0a71f5c38.jpg
  artifactKey: Guid(544e753a4306a4f4d9243ca61bd804bc) Importer(815301076,1909f56bfc062723c751e8b465ee728b)
Start importing Assets/Room/textures/104a62bb6efa577efe41a1a0a71f5c38.jpg using Guid(544e753a4306a4f4d9243ca61bd804bc) Importer(815301076,1909f56bfc062723c751e8b465ee728b)  -> (artifact id: '14e3d4c97027874ee112829a2fb46625') in 0.022107 seconds 
========================================================================
Received Import Request.
  Time since last request: 0.000022 seconds.
  path: Assets/Room/textures/50027bba6844010e7d9c14f688830959.jpg
  artifactKey: Guid(1e269be4482fa6a4a8d92e38051774b7) Importer(815301076,1909f56bfc062723c751e8b465ee728b)
Start importing Assets/Room/textures/50027bba6844010e7d9c14f688830959.jpg using Guid(1e269be4482fa6a4a8d92e38051774b7) Importer(815301076,1909f56bfc062723c751e8b465ee728b)  -> (artifact id: 'e27cd178b4cade1dcf273bd1fa1b9e7c') in 0.014260 seconds 
========================================================================
Received Import Request.
  Time since last request: 0.001735 seconds.
  path: Assets/Room/textures/d586341c8589f34aef6b4c58258975dd.jpg
  artifactKey: Guid(58a91e98e5140794b96fd8cb51948e0b) Importer(815301076,1909f56bfc062723c751e8b465ee728b)
Start importing Assets/Room/textures/d586341c8589f34aef6b4c58258975dd.jpg using Guid(58a91e98e5140794b96fd8cb51948e0b) Importer(815301076,1909f56bfc062723c751e8b465ee728b)  -> (artifact id: 'e6da2dd34c4fbd62b97362c9fd250310') in 0.020070 seconds 
========================================================================
Received Import Request.
  Time since last request: 0.000022 seconds.
  path: Assets/Room/textures/41323f8eeaa01f2190f089f9d90a4cb0.JPG
  artifactKey: Guid(21594215520c6084489239480b311112) Importer(815301076,1909f56bfc062723c751e8b465ee728b)
Start importing Assets/Room/textures/41323f8eeaa01f2190f089f9d90a4cb0.JPG using Guid(21594215520c6084489239480b311112) Importer(815301076,1909f56bfc062723c751e8b465ee728b)  -> (artifact id: '9736948dfc984a294d25019ddaa2b27e') in 0.013377 seconds 
========================================================================
Received Import Request.
  Time since last request: 0.000024 seconds.
  path: Assets/Room/textures/f864c59f1ea59f516f1c7b0b8efc33eb.jpeg
  artifactKey: Guid(3e80b31fbe8a5fd499f823f2616cf06d) Importer(815301076,1909f56bfc062723c751e8b465ee728b)
Start importing Assets/Room/textures/f864c59f1ea59f516f1c7b0b8efc33eb.jpeg using Guid(3e80b31fbe8a5fd499f823f2616cf06d) Importer(815301076,1909f56bfc062723c751e8b465ee728b)  -> (artifact id: 'c98101b8bd3d832323fb5ace8a7c4142') in 0.017097 seconds 
========================================================================
Received Import Request.
  Time since last request: 0.000022 seconds.
  path: Assets/Room/textures/SalBookShelf_Texture_OCC.png
  artifactKey: Guid(4aae000394ec9814da128ccb68106208) Importer(815301076,1909f56bfc062723c751e8b465ee728b)
Start importing Assets/Room/textures/SalBookShelf_Texture_OCC.png using Guid(4aae000394ec9814da128ccb68106208) Importer(815301076,1909f56bfc062723c751e8b465ee728b)  -> (artifact id: 'e05304a3c3164cd18077863995396902') in 0.013144 seconds 
Editor requested this worker to shutdown with reason: Scaling down because of idle timeout
AssetImportWorker is now disconnected from the server
Process exiting
Exiting without the bug reporter. Application will terminate with return code 0